<?xml version="1.0" encoding="UTF-8"?>
<!-- Generated by org.testng.reporters.JUnitXMLReporter -->
<testsuite ignored="0" hostname="DESKTOP-9Q7U01K" failures="0" tests="4" name="Test" time="24.151" errors="0" timestamp="30 Jun 2024 09:32:10 GMT">
  <testcase classname="com.test.OrangeHRMTest" name="Login" time="18.104"/>
  <testcase classname="com.test.OrangeHRMTest" name="Login_Cred" time="3.172"/>
  <testcase classname="com.test.OrangeHRMTest" name="Logout" time="2.738"/>
  <testcase classname="com.test.OrangeHRMTest" name="CloseBrowser" time="0.113"/>
</testsuite> <!-- Test -->
