<?xml version="1.0" encoding="UTF-8"?>
<testng-results ignored="0" total="4" passed="4" failed="0" skipped="0">
  <reporter-output>
  </reporter-output>
  <suite started-at="2024-06-30T09:31:45Z" name="Suite" finished-at="2024-06-30T09:32:10Z" duration-ms="24151">
    <groups>
    </groups>
    <test started-at="2024-06-30T09:31:45Z" name="Test" finished-at="2024-06-30T09:32:10Z" duration-ms="24151">
      <class name="com.test.OrangeHRMTest">
        <test-method signature="Login()[pri:1, instance:com.test.OrangeHRMTest@1ab06251]" started-at="2024-06-30T15:01:45Z" name="Login" finished-at="2024-06-30T15:02:04Z" duration-ms="18104" status="PASS">
          <reporter-output>
          </reporter-output>
        </test-method> <!-- Login -->
        <test-method signature="Login_Cred()[pri:2, instance:com.test.OrangeHRMTest@1ab06251]" started-at="2024-06-30T15:02:04Z" name="Login_Cred" finished-at="2024-06-30T15:02:07Z" duration-ms="3172" status="PASS">
          <reporter-output>
          </reporter-output>
        </test-method> <!-- Login_Cred -->
        <test-method signature="Logout()[pri:3, instance:com.test.OrangeHRMTest@1ab06251]" started-at="2024-06-30T15:02:07Z" name="Logout" finished-at="2024-06-30T15:02:09Z" duration-ms="2738" status="PASS">
          <reporter-output>
          </reporter-output>
        </test-method> <!-- Logout -->
        <test-method signature="CloseBrowser()[pri:4, instance:com.test.OrangeHRMTest@1ab06251]" started-at="2024-06-30T15:02:09Z" name="CloseBrowser" finished-at="2024-06-30T15:02:10Z" duration-ms="113" status="PASS">
          <reporter-output>
          </reporter-output>
        </test-method> <!-- CloseBrowser -->
      </class> <!-- com.test.OrangeHRMTest -->
    </test> <!-- Test -->
  </suite> <!-- Suite -->
</testng-results>
